# JRE version: Java(TM) SE Runtime Environment (7.0_55-b13) (build 1.7.0_55-b13)
# Java VM: Java HotSpot(TM) 64-Bit Server VM (24.55-b03 mixed mode linux-amd64 compressed oops)
Heap
 PSYoungGen      total 63488K, used 2911K [0x00000000ed800000, 0x00000000f1a00000, 0x0000000100000000)
  eden space 59392K, 0% used [0x00000000ed800000,0x00000000ed800000,0x00000000f1200000)
  from space 4096K, 71% used [0x00000000f1200000,0x00000000f14d7f68,0x00000000f1600000)
  to   space 4096K, 0% used [0x00000000f1600000,0x00000000f1600000,0x00000000f1a00000)
 ParOldGen       total 37888K, used 6408K [0x00000000c8800000, 0x00000000cad00000, 0x00000000ed800000)
  object space 37888K, 16% used [0x00000000c8800000,0x00000000c8e42120,0x00000000cad00000)
 PSPermGen       total 21504K, used 13097K [0x00000000c3600000, 0x00000000c4b00000, 0x00000000c8800000)
  object space 21504K, 60% used [0x00000000c3600000,0x00000000c42ca4b0,0x00000000c4b00000)
GC Heap History (10 events):
Event: 1,338 GC heap after
Heap after GC invocations=2 (full 0):
 PSYoungGen      total 16896K, used 2017K [0x00000000ed800000, 0x00000000ef900000, 0x0000000100000000)
  eden space 14848K, 0% used [0x00000000ed800000,0x00000000ed800000,0x00000000ee680000)
  from space 2048K, 98% used [0x00000000ee880000,0x00000000eea78640,0x00000000eea80000)
  to   space 2048K, 0% used [0x00000000ee680000,0x00000000ee680000,0x00000000ee880000)
 ParOldGen       total 37888K, used 1584K [0x00000000c8800000, 0x00000000cad00000, 0x00000000ed800000)
  object space 37888K, 4% used [0x00000000c8800000,0x00000000c898c090,0x00000000cad00000)
 PSPermGen       total 21504K, used 7004K [0x00000000c3600000, 0x00000000c4b00000, 0x00000000c8800000)
  object space 21504K, 32% used [0x00000000c3600000,0x00000000c3cd7110,0x00000000c4b00000)
}
Event: 1,671 GC heap before
{Heap before GC invocations=3 (full 0):
 PSYoungGen      total 16896K, used 16865K [0x00000000ed800000, 0x00000000ef900000, 0x0000000100000000)
  eden space 14848K, 100% used [0x00000000ed800000,0x00000000ee680000,0x00000000ee680000)
  from space 2048K, 98% used [0x00000000ee880000,0x00000000eea78640,0x00000000eea80000)
  to   space 2048K, 0% used [0x00000000ee680000,0x00000000ee680000,0x00000000ee880000)
 ParOldGen       total 37888K, used 1584K [0x00000000c8800000, 0x00000000cad00000, 0x00000000ed800000)
  object space 37888K, 4% used [0x00000000c8800000,0x00000000c898c090,0x00000000cad00000)
 PSPermGen       total 21504K, used 8635K [0x00000000c3600000, 0x00000000c4b00000, 0x00000000c8800000)
  object space 21504K, 40% used [0x00000000c3600000,0x00000000c3e6ee88,0x00000000c4b00000)
Event: 1,682 GC heap after
Heap after GC invocations=3 (full 0):
 PSYoungGen      total 16896K, used 2032K [0x00000000ed800000, 0x00000000ef900000, 0x0000000100000000)
  eden space 14848K, 0% used [0x00000000ed800000,0x00000000ed800000,0x00000000ee680000)
  from space 2048K, 99% used [0x00000000ee680000,0x00000000ee87c030,0x00000000ee880000)
  to   space 2048K, 0% used [0x00000000ef700000,0x00000000ef700000,0x00000000ef900000)
 ParOldGen       total 37888K, used 2822K [0x00000000c8800000, 0x00000000cad00000, 0x00000000ed800000)
  object space 37888K, 7% used [0x00000000c8800000,0x00000000c8ac1848,0x00000000cad00000)
 PSPermGen       total 21504K, used 8635K [0x00000000c3600000, 0x00000000c4b00000, 0x00000000c8800000)
  object space 21504K, 40% used [0x00000000c3600000,0x00000000c3e6ee88,0x00000000c4b00000)
}
Event: 1,982 GC heap before
{Heap before GC invocations=4 (full 0):
 PSYoungGen      total 16896K, used 16880K [0x00000000ed800000, 0x00000000ef900000, 0x0000000100000000)
  eden space 14848K, 100% used [0x00000000ed800000,0x00000000ee680000,0x00000000ee680000)
  from space 2048K, 99% used [0x00000000ee680000,0x00000000ee87c030,0x00000000ee880000)
  to   space 2048K, 0% used [0x00000000ef700000,0x00000000ef700000,0x00000000ef900000)
 ParOldGen       total 37888K, used 2822K [0x00000000c8800000, 0x00000000cad00000, 0x00000000ed800000)
  object space 37888K, 7% used [0x00000000c8800000,0x00000000c8ac1848,0x00000000cad00000)
 PSPermGen       total 21504K, used 10069K [0x00000000c3600000, 0x00000000c4b00000, 0x00000000c8800000)
  object space 21504K, 46% used [0x00000000c3600000,0x00000000c3fd5418,0x00000000c4b00000)
Event: 1,991 GC heap after
Heap after GC invocations=4 (full 0):
 PSYoungGen      total 31744K, used 2032K [0x00000000ed800000, 0x00000000ef900000, 0x0000000100000000)
  eden space 29696K, 0% used [0x00000000ed800000,0x00000000ed800000,0x00000000ef500000)
  from space 2048K, 99% used [0x00000000ef700000,0x00000000ef8fc010,0x00000000ef900000)
  to   space 2048K, 0% used [0x00000000ef500000,0x00000000ef500000,0x00000000ef700000)
 ParOldGen       total 37888K, used 4306K [0x00000000c8800000, 0x00000000cad00000, 0x00000000ed800000)
  object space 37888K, 11% used [0x00000000c8800000,0x00000000c8c34ad8,0x00000000cad00000)
 PSPermGen       total 21504K, used 10069K [0x00000000c3600000, 0x00000000c4b00000, 0x00000000c8800000)
  object space 21504K, 46% used [0x00000000c3600000,0x00000000c3fd5418,0x00000000c4b00000)
}
Event: 2,747 GC heap before
{Heap before GC invocations=5 (full 0):
 PSYoungGen      total 31744K, used 31728K [0x00000000ed800000, 0x00000000ef900000, 0x0000000100000000)
  eden space 29696K, 100% used [0x00000000ed800000,0x00000000ef500000,0x00000000ef500000)
  from space 2048K, 99% used [0x00000000ef700000,0x00000000ef8fc010,0x00000000ef900000)
  to   space 2048K, 0% used [0x00000000ef500000,0x00000000ef500000,0x00000000ef700000)
 ParOldGen       total 37888K, used 4306K [0x00000000c8800000, 0x00000000cad00000, 0x00000000ed800000)
  object space 37888K, 11% used [0x00000000c8800000,0x00000000c8c34ad8,0x00000000cad00000)
 PSPermGen       total 21504K, used 10965K [0x00000000c3600000, 0x00000000c4b00000, 0x00000000c8800000)
  object space 21504K, 50% used [0x00000000c3600000,0x00000000c40b5528,0x00000000c4b00000)
Event: 2,768 GC heap after
Heap after GC invocations=5 (full 0):
 PSYoungGen      total 31744K, used 2032K [0x00000000ed800000, 0x00000000f1a00000, 0x0000000100000000)
  eden space 29696K, 0% used [0x00000000ed800000,0x00000000ed800000,0x00000000ef500000)
  from space 2048K, 99% used [0x00000000ef500000,0x00000000ef6fc010,0x00000000ef700000)
  to   space 4096K, 0% used [0x00000000f1600000,0x00000000f1600000,0x00000000f1a00000)
 ParOldGen       total 37888K, used 5463K [0x00000000c8800000, 0x00000000cad00000, 0x00000000ed800000)
  object space 37888K, 14% used [0x00000000c8800000,0x00000000c8d55c50,0x00000000cad00000)
 PSPermGen       total 21504K, used 10965K [0x00000000c3600000, 0x00000000c4b00000, 0x00000000c8800000)
  object space 21504K, 50% used [0x00000000c3600000,0x00000000c40b5528,0x00000000c4b00000)
}
Event: 3,465 GC heap before
{Heap before GC invocations=6 (full 0):
 PSYoungGen      total 31744K, used 31728K [0x00000000ed800000, 0x00000000f1a00000, 0x0000000100000000)
  eden space 29696K, 100% used [0x00000000ed800000,0x00000000ef500000,0x00000000ef500000)
  from space 2048K, 99% used [0x00000000ef500000,0x00000000ef6fc010,0x00000000ef700000)
  to   space 4096K, 0% used [0x00000000f1600000,0x00000000f1600000,0x00000000f1a00000)
 ParOldGen       total 37888K, used 5463K [0x00000000c8800000, 0x00000000cad00000, 0x00000000ed800000)
  object space 37888K, 14% used [0x00000000c8800000,0x00000000c8d55c50,0x00000000cad00000)
 PSPermGen       total 21504K, used 11683K [0x00000000c3600000, 0x00000000c4b00000, 0x00000000c8800000)
  object space 21504K, 54% used [0x00000000c3600000,0x00000000c4168ef8,0x00000000c4b00000)
Event: 3,472 GC heap after
Heap after GC invocations=6 (full 0):
 PSYoungGen      total 63488K, used 2608K [0x00000000ed800000, 0x00000000f1a00000, 0x0000000100000000)
  eden space 59392K, 0% used [0x00000000ed800000,0x00000000ed800000,0x00000000f1200000)
  from space 4096K, 63% used [0x00000000f1600000,0x00000000f188c010,0x00000000f1a00000)
  to   space 4096K, 0% used [0x00000000f1200000,0x00000000f1200000,0x00000000f1600000)
 ParOldGen       total 37888K, used 5463K [0x00000000c8800000, 0x00000000cad00000, 0x00000000ed800000)
  object space 37888K, 14% used [0x00000000c8800000,0x00000000c8d55c50,0x00000000cad00000)
 PSPermGen       total 21504K, used 11683K [0x00000000c3600000, 0x00000000c4b00000, 0x00000000c8800000)
  object space 21504K, 54% used [0x00000000c3600000,0x00000000c4168ef8,0x00000000c4b00000)
}
Event: 4,445 GC heap before
{Heap before GC invocations=7 (full 0):
 PSYoungGen      total 63488K, used 62000K [0x00000000ed800000, 0x00000000f1a00000, 0x0000000100000000)
  eden space 59392K, 100% used [0x00000000ed800000,0x00000000f1200000,0x00000000f1200000)
  from space 4096K, 63% used [0x00000000f1600000,0x00000000f188c010,0x00000000f1a00000)
  to   space 4096K, 0% used [0x00000000f1200000,0x00000000f1200000,0x00000000f1600000)
 ParOldGen       total 37888K, used 5463K [0x00000000c8800000, 0x00000000cad00000, 0x00000000ed800000)
  object space 37888K, 14% used [0x00000000c8800000,0x00000000c8d55c50,0x00000000cad00000)
 PSPermGen       total 21504K, used 13097K [0x00000000c3600000, 0x00000000c4b00000, 0x00000000c8800000)
  object space 21504K, 60% used [0x00000000c3600000,0x00000000c42ca4b0,0x00000000c4b00000)

